<?xml version="1.0" encoding="UTF-8"?>
<!-- Generated by org.testng.reporters.JUnitReportReporter -->
<testsuite hostname="DESKTOP-C3NQIVL" failures="0" tests="2" name="postreqbody.FileUploadAndDownload" time="10.303" errors="0" timestamp="2023-04-05T13:43:23 IST" skipped="0">
  <testcase classname="postreqbody.FileUploadAndDownload" name="singleFileUpload" time="10.196"/>
  <system-out/>
  <testcase classname="postreqbody.FileUploadAndDownload" name="fileDownload" time="0.107"/>
  <system-out/>
</testsuite> <!-- postreqbody.FileUploadAndDownload -->
