<?xml version="1.0" encoding="UTF-8"?>
<!-- Generated by org.testng.reporters.JUnitReportReporter -->
<testsuite hostname="DESKTOP-C3NQIVL" failures="0" tests="1" name="gorestapichaining.UpdateUser" time="4.145" errors="0" timestamp="2023-04-06T14:42:59 IST" skipped="0">
  <testcase classname="gorestapichaining.UpdateUser" name="testupdateuser" time="4.145"/>
  <system-out/>
</testsuite> <!-- gorestapichaining.UpdateUser -->
