<?xml version="1.0" encoding="UTF-8"?>
<!-- Generated by org.testng.reporters.JUnitReportReporter -->
<testsuite hostname="DESKTOP-C3NQIVL" failures="0" tests="1" name="postreqbody.FakerDataGenerator" time="0.837" errors="0" timestamp="2023-04-05T18:49:13 IST" skipped="0">
  <testcase classname="postreqbody.FakerDataGenerator" name="testfakerdatagenerator" time="0.837"/>
  <system-out/>
</testsuite> <!-- postreqbody.FakerDataGenerator -->
