<?xml version="1.0" encoding="UTF-8"?>
<!-- Generated by org.testng.reporters.JUnitReportReporter -->
<testsuite hostname="DESKTOP-C3NQIVL" failures="0" tests="2" name="postreqbody.DiffWaysToCreatePostReqBody" time="9.833" errors="0" timestamp="2023-04-02T15:50:29 IST" skipped="0">
  <testcase classname="postreqbody.DiffWaysToCreatePostReqBody" name="byExternalFile" time="9.663"/>
  <system-out/>
  <testcase classname="postreqbody.DiffWaysToCreatePostReqBody" name="deleteStudent" time="0.170"/>
  <system-out/>
</testsuite> <!-- postreqbody.DiffWaysToCreatePostReqBody -->
