<?xml version="1.0" encoding="UTF-8"?>
<!-- Generated by org.testng.reporters.JUnitReportReporter -->
<testsuite hostname="DESKTOP-C3NQIVL" failures="0" tests="1" name="postreqbody.XmlSchemaValidation" time="6.818" errors="0" timestamp="2023-04-05T16:22:48 IST" skipped="0">
  <testcase classname="postreqbody.XmlSchemaValidation" name="xmlschemavalidation" time="6.818"/>
  <system-out/>
</testsuite> <!-- postreqbody.XmlSchemaValidation -->
