<?xml version="1.0" encoding="UTF-8"?>
<!-- Generated by org.testng.reporters.JUnitReportReporter -->
<testsuite hostname="DESKTOP-C3NQIVL" failures="0" tests="1" name="postreqbody.LoggingDemo" time="12.486" errors="0" timestamp="2023-04-03T13:59:23 IST" skipped="0">
  <testcase classname="postreqbody.LoggingDemo" name="testLogs" time="12.486"/>
  <system-out/>
</testsuite> <!-- postreqbody.LoggingDemo -->
