<?xml version="1.0" encoding="UTF-8"?>
<!-- Generated by org.testng.reporters.JUnitReportReporter -->
<testsuite hostname="DESKTOP-C3NQIVL" failures="0" tests="1" name="postreqbody.CookiesDemo" time="9.100" errors="0" timestamp="2023-04-03T13:31:33 IST" skipped="0">
  <testcase classname="postreqbody.CookiesDemo" name="getCookiesInfo" time="9.100"/>
  <system-out/>
</testsuite> <!-- postreqbody.CookiesDemo -->
