<?xml version="1.0" encoding="UTF-8"?>
<!-- Generated by org.testng.reporters.JUnitReportReporter -->
<testsuite hostname="DESKTOP-C3NQIVL" failures="0" tests="1" name="gorestapichaining.CreateUser" time="13.836" errors="0" timestamp="2023-04-06T14:42:59 IST" skipped="0">
  <testcase classname="gorestapichaining.CreateUser" name="testcreateuser" time="13.836"/>
  <system-out/>
</testsuite> <!-- gorestapichaining.CreateUser -->
