<?xml version="1.0" encoding="UTF-8"?>
<!-- Generated by org.testng.reporters.JUnitReportReporter -->
<testsuite hostname="DESKTOP-C3NQIVL" failures="0" tests="1" name="postreqbody.ParsingJsonResponseData" time="7.502" errors="0" timestamp="2023-04-05T11:01:09 IST" skipped="0">
  <testcase classname="postreqbody.ParsingJsonResponseData" name="testJsonResponse2" time="7.502"/>
  <system-out/>
</testsuite> <!-- postreqbody.ParsingJsonResponseData -->
