<?xml version="1.0" encoding="UTF-8"?>
<!-- Generated by org.testng.reporters.JUnitReportReporter -->
<testsuite hostname="DESKTOP-C3NQIVL" failures="0" tests="1" name="gorestapichaining.GetUser" time="1.468" errors="0" timestamp="2023-04-06T14:42:59 IST" skipped="0">
  <testcase classname="gorestapichaining.GetUser" name="testgetuser" time="1.468"/>
  <system-out/>
</testsuite> <!-- gorestapichaining.GetUser -->
