<?xml version="1.0" encoding="UTF-8"?>
<!-- Generated by org.testng.reporters.JUnitReportReporter -->
<testsuite hostname="DESKTOP-C3NQIVL" failures="0" tests="1" name="postreqbody.JsonSchemaValidation" time="9.031" errors="0" timestamp="2023-04-05T15:41:02 IST" skipped="0">
  <testcase classname="postreqbody.JsonSchemaValidation" name="jsonschemavalidation" time="9.031"/>
  <system-out/>
</testsuite> <!-- postreqbody.JsonSchemaValidation -->
