<?xml version="1.0" encoding="UTF-8"?>
<!-- Generated by org.testng.reporters.JUnitReportReporter -->
<testsuite hostname="DESKTOP-C3NQIVL" failures="0" tests="1" name="postreqbody.PathandQueryParametes" time="10.596" errors="0" timestamp="2023-04-03T11:48:16 IST" skipped="0">
  <testcase classname="postreqbody.PathandQueryParametes" name="pathandQueryParam" time="10.596"/>
  <system-out/>
</testsuite> <!-- postreqbody.PathandQueryParametes -->
