<?xml version="1.0" encoding="UTF-8"?>
<!-- Generated by org.testng.reporters.JUnitReportReporter -->
<testsuite hostname="DESKTOP-C3NQIVL" failures="0" tests="4" name="HTTPRequests" time="17.469" errors="0" timestamp="2023-04-02T14:18:20 IST" skipped="0">
  <testcase classname="HTTPRequests" name="getUsers" time="11.786"/>
  <system-out/>
  <testcase classname="HTTPRequests" name="createUser" time="3.581"/>
  <system-out/>
  <testcase classname="HTTPRequests" name="updateUser" time="0.860"/>
  <system-out/>
  <testcase classname="HTTPRequests" name="deleteUser" time="1.242"/>
  <system-out/>
</testsuite> <!-- HTTPRequests -->
