<?xml version="1.0" encoding="UTF-8"?>
<!-- Generated by org.testng.reporters.JUnitReportReporter -->
<testsuite hostname="DESKTOP-C3NQIVL" failures="0" tests="1" name="postreqbody.ParsingXmlResponse" time="11.056" errors="0" timestamp="2023-04-05T13:01:03 IST" skipped="0">
  <testcase classname="postreqbody.ParsingXmlResponse" name="testXMLResponses" time="11.056"/>
  <system-out/>
</testsuite> <!-- postreqbody.ParsingXmlResponse -->
