<?xml version="1.0" encoding="UTF-8"?>
<!-- Generated by org.testng.reporters.JUnitReportReporter -->
<testsuite hostname="DESKTOP-C3NQIVL" failures="0" tests="2" name="postreqbody.SerializationDeserialization" time="1.115" errors="0" timestamp="2023-04-05T16:35:17 IST" skipped="0">
  <testcase classname="postreqbody.SerializationDeserialization" name="Pojo2Json" time="0.987"/>
  <system-out/>
  <testcase classname="postreqbody.SerializationDeserialization" name="Json2Pojo" time="0.128"/>
  <system-out/>
</testsuite> <!-- postreqbody.SerializationDeserialization -->
