<?xml version="1.0" encoding="UTF-8"?>
<!-- Generated by org.testng.reporters.JUnitReportReporter -->
<testsuite hostname="DESKTOP-C3NQIVL" failures="0" tests="2" name="postreqbody.HeadersDemo" time="12.633" errors="0" timestamp="2023-04-03T13:53:29 IST" skipped="0">
  <testcase classname="postreqbody.HeadersDemo" name="testHeaders" time="10.247"/>
  <system-out/>
  <testcase classname="postreqbody.HeadersDemo" name="getHeadersInfo" time="2.386"/>
  <system-out/>
</testsuite> <!-- postreqbody.HeadersDemo -->
